<?xml version="1.0" encoding="UTF-8"?>
<!-- Generated by org.testng.reporters.JUnitReportReporter -->
<testsuite skipped="0" hostname="LAPTOP-LH7SK7BV" name="com.qa.api.Restassured" tests="1" failures="0" timestamp="2023-04-18T14:41:10 IST" time="1.915" errors="0">
  <testcase name="test" time="1.915" classname="com.qa.api.Restassured"/>
  <system-out/>
</testsuite> <!-- com.qa.api.Restassured -->
