<?xml version="1.0" encoding="UTF-8"?>
<!-- Generated by org.testng.reporters.JUnitReportReporter -->
<testsuite skipped="0" hostname="LAPTOP-LH7SK7BV" name="com.qa.api.Postman" tests="1" failures="0" timestamp="2023-04-24T21:38:21 IST" time="1.433" errors="0">
  <testcase name="get" time="1.433" classname="com.qa.api.Postman"/>
  <system-out/>
</testsuite> <!-- com.qa.api.Postman -->
