<?xml version="1.0" encoding="UTF-8"?>
<!-- Generated by org.testng.reporters.JUnitReportReporter -->
<testsuite skipped="0" hostname="LAPTOP-LH7SK7BV" name="com.qa.api.RestGet" tests="1" failures="0" timestamp="2023-06-08T10:15:58 IST" time="2.306" errors="0">
  <testcase name="getbody" time="2.306" classname="com.qa.api.RestGet"/>
  <system-out/>
</testsuite> <!-- com.qa.api.RestGet -->
