<?xml version="1.0" encoding="UTF-8"?>
<!-- Generated by org.testng.reporters.JUnitReportReporter -->
<testsuite skipped="0" hostname="LAPTOP-LH7SK7BV" name="com.qa.api.GetTest" tests="1" failures="0" timestamp="2023-04-10T23:17:30 IST" time="0.766" errors="0">
  <testcase name="test" time="0.766" classname="com.qa.api.GetTest"/>
  <system-out/>
</testsuite> <!-- com.qa.api.GetTest -->
